<?xml version="1.0" encoding="UTF-8"?>
<testng-results ignored="0" total="5" passed="5" failed="0" skipped="0">
  <reporter-output>
  </reporter-output>
  <suite started-at="2020-08-13T17:45:04 BDT" name="TnT Test" finished-at="2020-08-13T17:45:49 BDT" duration-ms="45373">
    <groups>
    </groups>
    <test started-at="2020-08-13T17:45:04 BDT" name="TnT Test" finished-at="2020-08-13T17:45:12 BDT" duration-ms="7958">
      <class name="com.zssbd.trackntrace.customeradd.customerAdd">
        <test-method signature="addingcustomer()[pri:0, instance:com.zssbd.trackntrace.customeradd.customerAdd@7d68ef40]" started-at="2020-08-13T17:45:04 BDT" name="addingcustomer" finished-at="2020-08-13T17:45:12 BDT" duration-ms="7899" status="PASS">
          <reporter-output>
          </reporter-output>
        </test-method> <!-- addingcustomer -->
      </class> <!-- com.zssbd.trackntrace.customeradd.customerAdd -->
    </test> <!-- TnT Test -->
    <test started-at="2020-08-13T17:45:12 BDT" name="TnT Test1" finished-at="2020-08-13T17:45:18 BDT" duration-ms="6407">
      <class name="com.zssbd.trackntrace.customeradd.customerAdd">
        <test-method signature="addingcustomer()[pri:0, instance:com.zssbd.trackntrace.customeradd.customerAdd@6f3b5d16]" started-at="2020-08-13T17:45:12 BDT" name="addingcustomer" finished-at="2020-08-13T17:45:18 BDT" duration-ms="6403" status="PASS">
          <reporter-output>
          </reporter-output>
        </test-method> <!-- addingcustomer -->
      </class> <!-- com.zssbd.trackntrace.customeradd.customerAdd -->
    </test> <!-- TnT Test1 -->
    <test started-at="2020-08-13T17:45:18 BDT" name="TnT Test2" finished-at="2020-08-13T17:45:27 BDT" duration-ms="8369">
      <class name="com.zssbd.trackntrace.customeradd.customerAdd">
        <test-method signature="addingcustomer()[pri:0, instance:com.zssbd.trackntrace.customeradd.customerAdd@657c8ad9]" started-at="2020-08-13T17:45:18 BDT" name="addingcustomer" finished-at="2020-08-13T17:45:27 BDT" duration-ms="8357" status="PASS">
          <reporter-output>
          </reporter-output>
        </test-method> <!-- addingcustomer -->
      </class> <!-- com.zssbd.trackntrace.customeradd.customerAdd -->
    </test> <!-- TnT Test2 -->
    <test started-at="2020-08-13T17:45:27 BDT" name="TnT Test3" finished-at="2020-08-13T17:45:37 BDT" duration-ms="10258">
      <class name="com.zssbd.trackntrace.customeradd.customerAdd">
        <test-method signature="addingcustomer()[pri:0, instance:com.zssbd.trackntrace.customeradd.customerAdd@5ad851c9]" started-at="2020-08-13T17:45:27 BDT" name="addingcustomer" finished-at="2020-08-13T17:45:37 BDT" duration-ms="10244" status="PASS">
          <reporter-output>
          </reporter-output>
        </test-method> <!-- addingcustomer -->
      </class> <!-- com.zssbd.trackntrace.customeradd.customerAdd -->
    </test> <!-- TnT Test3 -->
    <test started-at="2020-08-13T17:45:37 BDT" name="TnT Test4" finished-at="2020-08-13T17:45:49 BDT" duration-ms="12281">
      <class name="com.zssbd.trackntrace.customeradd.customerAdd">
        <test-method signature="addingcustomer()[pri:0, instance:com.zssbd.trackntrace.customeradd.customerAdd@2b6856dd]" started-at="2020-08-13T17:45:37 BDT" name="addingcustomer" finished-at="2020-08-13T17:45:49 BDT" duration-ms="12268" status="PASS">
          <reporter-output>
          </reporter-output>
        </test-method> <!-- addingcustomer -->
      </class> <!-- com.zssbd.trackntrace.customeradd.customerAdd -->
    </test> <!-- TnT Test4 -->
  </suite> <!-- TnT Test -->
</testng-results>
